<?xml version="1.0" encoding="UTF-8"?>
<testsuite name="runner.TestRunner" time="84.401" tests="12" errors="0" skipped="0" failures="0">
  <properties>
[...]
</properties>
  <testcase name="Test Arshi Nagar scenario" classname="Test Arshi Nagar feature" time="9.215"/>
  <testcase name="Test Lily apartment scenario" classname="Test Lily feature" time="6.363"/>
  <testcase name="Test BDDL Sufia scenario" classname="Test BDDL Sufia feature" time="9.474"/>
  <testcase name="Test Banani Lake scenario" classname="Test Banani Lake feature" time="8.24"/>
  <testcase name="Test Banani flats scenariof" classname="Test Banani flats feature" time="6.021"/>
  <testcase name="Test Dreamway apartment scenario" classname="Test Dreamway feature" time="7.026"/>
  <testcase name="Test BDDL Gold Place scenario" classname="Test BDDL Gold Place feature" time="6.729"/>
  <testcase name="Title of your scenario" classname="Title Jonota housing feature" time="6.12"/>
  <testcase name="Test Rossela apartment scenario1" classname="Test Rossela feature" time="6.634"/>
  <testcase name="Test Swan Dilara scenario" classname="Test Swan Dilara feature" time="6.388"/>
  <testcase name="Test Swan Rajia scenario" classname="Test Swan Rajia feature" time="6.611"/>
  <testcase name="Test Let Us Call you scenario" classname="Test call you feature" time="5.58"/>
</testsuite>